<?xml version="1.0" encoding="utf-8"?><testsuites name="pytest tests"><testsuite name="pytest" errors="0" failures="0" skipped="0" tests="24" time="4.163" timestamp="2026-05-22T12:30:58.932545+00:00" hostname="agent-env-ce406350-5570-420e-b14c-b980c8acce9f"><testcase classname="backend.tests.test_backend.TestAuth" name="test_login_wrong_password" time="0.489" /><testcase classname="backend.tests.test_backend.TestAuth" name="test_login_wrong_email" time="0.137" /><testcase classname="backend.tests.test_backend.TestAuth" name="test_me_without_token" time="0.137" /><testcase classname="backend.tests.test_backend.TestAuth" name="test_me_with_token" time="0.511" /><testcase classname="backend.tests.test_backend.TestAuth" name="test_me_invalid_token" time="0.103" /><testcase classname="backend.tests.test_backend.TestMembership" name="test_create_membership_full" time="0.140" /><testcase classname="backend.tests.test_backend.TestMembership" name="test_create_membership_minimal" time="0.109" /><testcase classname="backend.tests.test_backend.TestMembership" name="test_create_membership_invalid" time="0.116" /><testcase classname="backend.tests.test_backend.TestMembership" name="test_list_without_auth" time="0.100" /><testcase classname="backend.tests.test_backend.TestMembership" name="test_list_with_auth" time="0.107" /><testcase classname="backend.tests.test_backend.TestMembership" name="test_count_public" time="0.105" /><testcase classname="backend.tests.test_backend.TestNews" name="test_list_news_public" time="0.100" /><testcase classname="backend.tests.test_backend.TestNews" name="test_get_news_by_id" time="0.244" /><testcase classname="backend.tests.test_backend.TestNews" name="test_get_news_404" time="0.147" /><testcase classname="backend.tests.test_backend.TestNews" name="test_create_news_requires_auth" time="0.101" /><testcase classname="backend.tests.test_backend.TestNews" name="test_create_news_admin" time="0.214" /><testcase classname="backend.tests.test_backend.TestNews" name="test_update_news_admin" time="0.221" /><testcase classname="backend.tests.test_backend.TestNews" name="test_update_news_requires_auth" time="0.107" /><testcase classname="backend.tests.test_backend.TestNews" name="test_delete_news_admin" time="0.221" /><testcase classname="backend.tests.test_backend.TestNews" name="test_delete_news_requires_auth" time="0.119" /><testcase classname="backend.tests.test_backend.TestLeaders" name="test_list_leaders" time="0.110" /><testcase classname="backend.tests.test_backend.TestContact" name="test_create_contact_public" time="0.144" /><testcase classname="backend.tests.test_backend.TestContact" name="test_list_contact_requires_auth" time="0.107" /><testcase classname="backend.tests.test_backend.TestContact" name="test_list_contact_admin" time="0.116" /></testsuite></testsuites>